<?xml version="1.0" encoding="UTF-8"?>
<testsuite xmlns:xsi="http://www.w3.org/2001/XMLSchema-instance" xsi:noNamespaceSchemaLocation="https://maven.apache.org/surefire/maven-surefire-plugin/xsd/surefire-test-report-3.0.xsd" version="3.0" name="com.auction.server.service.AuctionServiceTest" time="0.023" tests="4" errors="0" skipped="0" failures="0">
  <properties>
[...]
</properties>
  <testcase name="placeBid_tooLow_shouldThrowInvalidBidException" classname="com.auction.server.service.AuctionServiceTest" time="0.007"/>
  <testcase name="placeBid_valid_shouldUpdatePrice" classname="com.auction.server.service.AuctionServiceTest" time="0.003"/>
  <testcase name="closeAuction_shouldSetStateFinished" classname="com.auction.server.service.AuctionServiceTest" time="0.003"/>
  <testcase name="placeBid_closedAuction_shouldThrowAuctionClosedException" classname="com.auction.server.service.AuctionServiceTest" time="0.001"/>
</testsuite>